2022-04-01T08:51:39+00:00 ERROR Error getting data feed
2022-04-01T08:51:40+00:00 ERROR WP_Error Object
(
    [errors] => Array
        (
            [http_request_failed] => Array
                (
                    [0] => cURL error 6: getaddrinfo() thread failed to start
                )

        )

    [error_data] => Array
        (
        )

    [additional_data:protected] => Array
        (
        )

)

2022-04-01T08:51:41+00:00 ERROR Error getting data feed
2022-04-01T08:51:41+00:00 ERROR WP_Error Object
(
    [errors] => Array
        (
            [http_request_failed] => Array
                (
                    [0] => cURL error 6: getaddrinfo() thread failed to start
                )

        )

    [error_data] => Array
        (
        )

    [additional_data:protected] => Array
        (
        )

)

