2022-03-12T00:12:49+00:00 INFO Generating payment form for order 57093. Notify URL: https://develop.chess-teacher.com/wc-api/WC_Gateway_Paypal/
2022-03-12T00:12:49+00:00 INFO PayPal Request Args for order 57093: Array
(
    [cmd] => _cart
    [business] => paypal4chess@gmail.com
    [no_note] => 1
    [currency_code] => USD
    [charset] => utf-8
    [rm] => 2
    [upload] => 1
    [return] => https://develop.chess-teacher.com/checkout/order-received/57093/?key=wc_order_cLOUY4yfdOocW&utm_nooverride=1
    [cancel_return] => https://develop.chess-teacher.com/cart/?cancel_order=true&order=wc_order_cLOUY4yfdOocW&order_id=57093&redirect&_wpnonce=c0fc00f2ba
    [image_url] => 
    [paymentaction] => sale
    [invoice] => WC-57093
    [custom] => {"order_id":57093,"order_key":"wc_order_cLOUY4yfdOocW"}
    [notify_url] => https://develop.chess-teacher.com/wc-api/WC_Gateway_Paypal/
    [first_name] => ***
    [last_name] => ***
    [address1] => ***
    [address2] => ***
    [city] => ***
    [state] => ***
    [zip] => ***
    [country] => ***
    [email] => ***@***
    [night_phone_a] => ***
    [night_phone_b] => ***
    [no_shipping] => 1
    [tax_cart] => 0.00
    [discount_amount_cart] => 88.11
    [item_name_1] => Attack and Win
    [quantity_1] => 1
    [amount_1] => 89
    [item_number_1] => 
    [bn] => WooThemes_Cart
)

2022-03-12T00:13:30+00:00 INFO Checking IPN response is valid
2022-03-12T00:13:31+00:00 INFO IPN Response: Array
(
    [headers] => Requests_Utility_CaseInsensitiveDictionary Object
        (
            [data:protected] => Array
                (
                    [cache-control] => max-age=0, no-cache, no-store, must-revalidate
                    [content-encoding] => gzip
                    [content-type] => text/html; charset=UTF-8
                    [paypal-debug-id] => f178618778c7a
                    [set-cookie] => Array
                        (
                            [0] => cwrClyrK4LoCV1fydGbAxiNL6iG=PxRtl0-AWUI6Lbcliptpqa8mKsXBgCqASnXKCXVtUDrongmRXb5K7lMAo2-aSVhWKY1YySlkXIph1trv2TfdtRFdVqSSb09KW1Kkw1wiCGYFRswwG7gpyjpcinHZJ1g-EW7GusjgodJJaK9kxudczOG5H2z1KiH0OF1I5zlkzH2DH3YDoUWB-QcZMJxQZlavFAqTnCaWN3q66m-cGy7dOXlhCzk1LQ8ICiPlK8moo2Niz3aTr7i70x3dM7Z-e7WMWKw1vO2SRLXQEi1YbB-EfQeAjs8i-xjeg60hEOlzRFoRLwxEXOrReXLPJBM5MGy_DJ8_As8YIay_7WVSpdT8CN2PgBWL4ZftjiYlzFwDNpZ80hNVDA7E_RCmyYBoGzwTx7mD7FyfNl4C4YermBFirBuIccISY1XDRFNIuuRfIIWiOHNJ8Ho7IqugJPS; domain=.paypal.com; path=/; Secure; HttpOnly
                            [1] => cookie_check=yes; expires=Tue, 09-Mar-2032 00:13:31 GMT; domain=.paypal.com; path=/; Secure; HttpOnly
                            [2] => navcmd=_notify-validate; domain=.paypal.com; path=/; Secure; HttpOnly
                            [3] => navlns=0.0; expires=Mon, 11-Mar-2024 00:13:31 GMT; domain=.paypal.com; path=/; Secure; HttpOnly
                            [4] => l7_az=dcg15.slc; Path=/; Domain=paypal.com; Expires=Sat, 12 Mar 2022 00:43:31 GMT; HttpOnly; Secure
                            [5] => ts=vreXpYrS%3D1741734811%26vteXpYrS%3D1647045811%26vr%3D7b79241617f0a7a06948a26afb83c041%26vt%3D7b79241617f0a7a06948a26afb83c040%26vtyp%3Dnew; Path=/; Domain=paypal.com; Expires=Tue, 11 Mar 2025 00:13:31 GMT; HttpOnly; Secure
                            [6] => ts_c=vr%3D7b79241617f0a7a06948a26afb83c041%26vt%3D7b79241617f0a7a06948a26afb83c040; Path=/; Domain=paypal.com; Expires=Tue, 11 Mar 2025 00:13:31 GMT; Secure
                        )

                    [x-frame-options] => SAMEORIGIN
                    [dc] => ccg11-origin-www-1.paypal.com
                    [accept-ranges] => bytes
                    [date] => Sat, 12 Mar 2022 00:13:31 GMT
                    [via] => 1.1 varnish
                    [strict-transport-security] => max-age=63072000; includeSubDomains; preload
                    [x-served-by] => cache-dfw18654-DFW
                    [x-cache] => MISS
                    [x-cache-hits] => 0
                    [x-timer] => S1647044011.004975,VS0,VE854
                    [vary] => Accept-Encoding
                    [server-timing] => content-encoding;desc="gzip",x-cdn;desc="fastly"
                )

        )

    [body] => VERIFIED
    [response] => Array
        (
            [code] => 200
            [message] => OK
        )

    [cookies] => Array
        (
            [0] => WP_Http_Cookie Object
                (
                    [name] => cwrClyrK4LoCV1fydGbAxiNL6iG
                    [value] => PxRtl0-AWUI6Lbcliptpqa8mKsXBgCqASnXKCXVtUDrongmRXb5K7lMAo2-aSVhWKY1YySlkXIph1trv2TfdtRFdVqSSb09KW1Kkw1wiCGYFRswwG7gpyjpcinHZJ1g-EW7GusjgodJJaK9kxudczOG5H2z1KiH0OF1I5zlkzH2DH3YDoUWB-QcZMJxQZlavFAqTnCaWN3q66m-cGy7dOXlhCzk1LQ8ICiPlK8moo2Niz3aTr7i70x3dM7Z-e7WMWKw1vO2SRLXQEi1YbB-EfQeAjs8i-xjeg60hEOlzRFoRLwxEXOrReXLPJBM5MGy_DJ8_As8YIay_7WVSpdT8CN2PgBWL4ZftjiYlzFwDNpZ80hNVDA7E_RCmyYBoGzwTx7mD7FyfNl4C4YermBFirBuIccISY1XDRFNIuuRfIIWiOHNJ8Ho7IqugJPS
                    [expires] => 
                    [path] => /
                    [domain] => paypal.com
                    [host_only] => 
                )

            [1] => WP_Http_Cookie Object
                (
                    [name] => cookie_check
                    [value] => yes
                    [expires] => 1962404011
                    [path] => /
                    [domain] => paypal.com
                    [host_only] => 
                )

            [2] => WP_Http_Cookie Object
                (
                    [name] => navcmd
                    [value] => _notify-validate
                    [expires] => 
                    [path] => /
                    [domain] => paypal.com
                    [host_only] => 
                )

            [3] => WP_Http_Cookie Object
                (
                    [name] => navlns
                    [value] => 0.0
                    [expires] => 1710116011
                    [path] => /
                    [domain] => paypal.com
                    [host_only] => 
                )

            [4] => WP_Http_Cookie Object
                (
                    [name] => l7_az
                    [value] => dcg15.slc
                    [expires] => 1647045811
                    [path] => /
                    [domain] => paypal.com
                    [host_only] => 
                )

            [5] => WP_Http_Cookie Object
                (
                    [name] => ts
                    [value] => vreXpYrS=1741734811&vteXpYrS=1647045811&vr=7b79241617f0a7a06948a26afb83c041&vt=7b79241617f0a7a06948a26afb83c040&vtyp=new
                    [expires] => 1741652011
                    [path] => /
                    [domain] => paypal.com
                    [host_only] => 
                )

            [6] => WP_Http_Cookie Object
                (
                    [name] => ts_c
                    [value] => vr=7b79241617f0a7a06948a26afb83c041&vt=7b79241617f0a7a06948a26afb83c040
                    [expires] => 1741652011
                    [path] => /
                    [domain] => paypal.com
                    [host_only] => 
                )

        )

    [filename] => 
    [http_response] => WP_HTTP_Requests_Response Object
        (
            [response:protected] => Requests_Response Object
                (
                    [body] => VERIFIED
                    [raw] => HTTP/1.1 200 OK
Connection: close
Cache-Control: max-age=0, no-cache, no-store, must-revalidate
Content-Encoding: gzip
Content-Type: text/html; charset=UTF-8
Paypal-Debug-Id: f178618778c7a
Set-Cookie: cwrClyrK4LoCV1fydGbAxiNL6iG=PxRtl0-AWUI6Lbcliptpqa8mKsXBgCqASnXKCXVtUDrongmRXb5K7lMAo2-aSVhWKY1YySlkXIph1trv2TfdtRFdVqSSb09KW1Kkw1wiCGYFRswwG7gpyjpcinHZJ1g-EW7GusjgodJJaK9kxudczOG5H2z1KiH0OF1I5zlkzH2DH3YDoUWB-QcZMJxQZlavFAqTnCaWN3q66m-cGy7dOXlhCzk1LQ8ICiPlK8moo2Niz3aTr7i70x3dM7Z-e7WMWKw1vO2SRLXQEi1YbB-EfQeAjs8i-xjeg60hEOlzRFoRLwxEXOrReXLPJBM5MGy_DJ8_As8YIay_7WVSpdT8CN2PgBWL4ZftjiYlzFwDNpZ80hNVDA7E_RCmyYBoGzwTx7mD7FyfNl4C4YermBFirBuIccISY1XDRFNIuuRfIIWiOHNJ8Ho7IqugJPS; domain=.paypal.com; path=/; Secure; HttpOnly
Set-Cookie: cookie_check=yes; expires=Tue, 09-Mar-2032 00:13:31 GMT; domain=.paypal.com; path=/; Secure; HttpOnly
Set-Cookie: navcmd=_notify-validate; domain=.paypal.com; path=/; Secure; HttpOnly
Set-Cookie: navlns=0.0; expires=Mon, 11-Mar-2024 00:13:31 GMT; domain=.paypal.com; path=/; Secure; HttpOnly
Set-Cookie: l7_az=dcg15.slc; Path=/; Domain=paypal.com; Expires=Sat, 12 Mar 2022 00:43:31 GMT; HttpOnly; Secure
Set-Cookie: ts=vreXpYrS%3D1741734811%26vteXpYrS%3D1647045811%26vr%3D7b79241617f0a7a06948a26afb83c041%26vt%3D7b79241617f0a7a06948a26afb83c040%26vtyp%3Dnew; Path=/; Domain=paypal.com; Expires=Tue, 11 Mar 2025 00:13:31 GMT; HttpOnly; Secure
Set-Cookie: ts_c=vr%3D7b79241617f0a7a06948a26afb83c041%26vt%3D7b79241617f0a7a06948a26afb83c040; Path=/; Domain=paypal.com; Expires=Tue, 11 Mar 2025 00:13:31 GMT; Secure
X-Frame-Options: SAMEORIGIN
DC: ccg11-origin-www-1.paypal.com
Accept-Ranges: bytes
Date: Sat, 12 Mar 2022 00:13:31 GMT
Via: 1.1 varnish
Strict-Transport-Security: max-age=63072000; includeSubDomains; preload
X-Served-By: cache-dfw18654-DFW
X-Cache: MISS
X-Cache-Hits: 0
X-Timer: S1647044011.004975,VS0,VE854
Vary: Accept-Encoding
Server-Timing: content-encoding;desc="gzip",x-cdn;desc="fastly"
transfer-encoding: chunked

VERIFIED
                    [headers] => Requests_Response_Headers Object
                        (
                            [data:protected] => Array
                                (
                                    [cache-control] => Array
                                        (
                                            [0] => max-age=0, no-cache, no-store, must-revalidate
                                        )

                                    [content-encoding] => Array
                                        (
                                            [0] => gzip
                                        )

                                    [content-type] => Array
                                        (
                                            [0] => text/html; charset=UTF-8
                                        )

                                    [paypal-debug-id] => Array
                                        (
                                            [0] => f178618778c7a
                                        )

                                    [set-cookie] => Array
                                        (
                                            [0] => cwrClyrK4LoCV1fydGbAxiNL6iG=PxRtl0-AWUI6Lbcliptpqa8mKsXBgCqASnXKCXVtUDrongmRXb5K7lMAo2-aSVhWKY1YySlkXIph1trv2TfdtRFdVqSSb09KW1Kkw1wiCGYFRswwG7gpyjpcinHZJ1g-EW7GusjgodJJaK9kxudczOG5H2z1KiH0OF1I5zlkzH2DH3YDoUWB-QcZMJxQZlavFAqTnCaWN3q66m-cGy7dOXlhCzk1LQ8ICiPlK8moo2Niz3aTr7i70x3dM7Z-e7WMWKw1vO2SRLXQEi1YbB-EfQeAjs8i-xjeg60hEOlzRFoRLwxEXOrReXLPJBM5MGy_DJ8_As8YIay_7WVSpdT8CN2PgBWL4ZftjiYlzFwDNpZ80hNVDA7E_RCmyYBoGzwTx7mD7FyfNl4C4YermBFirBuIccISY1XDRFNIuuRfIIWiOHNJ8Ho7IqugJPS; domain=.paypal.com; path=/; Secure; HttpOnly
                                            [1] => cookie_check=yes; expires=Tue, 09-Mar-2032 00:13:31 GMT; domain=.paypal.com; path=/; Secure; HttpOnly
                                            [2] => navcmd=_notify-validate; domain=.paypal.com; path=/; Secure; HttpOnly
                                            [3] => navlns=0.0; expires=Mon, 11-Mar-2024 00:13:31 GMT; domain=.paypal.com; path=/; Secure; HttpOnly
                                            [4] => l7_az=dcg15.slc; Path=/; Domain=paypal.com; Expires=Sat, 12 Mar 2022 00:43:31 GMT; HttpOnly; Secure
                                            [5] => ts=vreXpYrS%3D1741734811%26vteXpYrS%3D1647045811%26vr%3D7b79241617f0a7a06948a26afb83c041%26vt%3D7b79241617f0a7a06948a26afb83c040%26vtyp%3Dnew; Path=/; Domain=paypal.com; Expires=Tue, 11 Mar 2025 00:13:31 GMT; HttpOnly; Secure
                                            [6] => ts_c=vr%3D7b79241617f0a7a06948a26afb83c041%26vt%3D7b79241617f0a7a06948a26afb83c040; Path=/; Domain=paypal.com; Expires=Tue, 11 Mar 2025 00:13:31 GMT; Secure
                                        )

                                    [x-frame-options] => Array
                                        (
                                            [0] => SAMEORIGIN
                                        )

                                    [dc] => Array
                                        (
                                            [0] => ccg11-origin-www-1.paypal.com
                                        )

                                    [accept-ranges] => Array
                                        (
                                            [0] => bytes
                                        )

                                    [date] => Array
                                        (
                                            [0] => Sat, 12 Mar 2022 00:13:31 GMT
                                        )

                                    [via] => Array
                                        (
                                            [0] => 1.1 varnish
                                        )

                                    [strict-transport-security] => Array
                                        (
                                            [0] => max-age=63072000; includeSubDomains; preload
                                        )

                                    [x-served-by] => Array
                                        (
                                            [0] => cache-dfw18654-DFW
                                        )

                                    [x-cache] => Array
                                        (
                                            [0] => MISS
                                        )

                                    [x-cache-hits] => Array
                                        (
                                            [0] => 0
                                        )

                                    [x-timer] => Array
                                        (
                                            [0] => S1647044011.004975,VS0,VE854
                                        )

                                    [vary] => Array
                                        (
                                            [0] => Accept-Encoding
                                        )

                                    [server-timing] => Array
                                        (
                                            [0] => content-encoding;desc="gzip",x-cdn;desc="fastly"
                                        )

                                )

                        )

                    [status_code] => 200
                    [protocol_version] => 1.1
                    [success] => 1
                    [redirects] => 0
                    [url] => https://www.paypal.com/cgi-bin/webscr
                    [history] => Array
                        (
                        )

                    [cookies] => Requests_Cookie_Jar Object
                        (
                            [cookies:protected] => Array
                                (
                                    [cwrClyrK4LoCV1fydGbAxiNL6iG] => Requests_Cookie Object
                                        (
                                            [name] => cwrClyrK4LoCV1fydGbAxiNL6iG
                                            [value] => PxRtl0-AWUI6Lbcliptpqa8mKsXBgCqASnXKCXVtUDrongmRXb5K7lMAo2-aSVhWKY1YySlkXIph1trv2TfdtRFdVqSSb09KW1Kkw1wiCGYFRswwG7gpyjpcinHZJ1g-EW7GusjgodJJaK9kxudczOG5H2z1KiH0OF1I5zlkzH2DH3YDoUWB-QcZMJxQZlavFAqTnCaWN3q66m-cGy7dOXlhCzk1LQ8ICiPlK8moo2Niz3aTr7i70x3dM7Z-e7WMWKw1vO2SRLXQEi1YbB-EfQeAjs8i-xjeg60hEOlzRFoRLwxEXOrReXLPJBM5MGy_DJ8_As8YIay_7WVSpdT8CN2PgBWL4ZftjiYlzFwDNpZ80hNVDA7E_RCmyYBoGzwTx7mD7FyfNl4C4YermBFirBuIccISY1XDRFNIuuRfIIWiOHNJ8Ho7IqugJPS
                                            [attributes] => Requests_Utility_CaseInsensitiveDictionary Object
                                                (
                                                    [data:protected] => Array
                                                        (
                                                            [domain] => paypal.com
                                                            [path] => /
                                                            [secure] => 1
                                                            [httponly] => 1
                                                        )

                                                )

                                            [flags] => Array
                                                (
                                                    [creation] => 1647044011
                                                    [last-access] => 1647044011
                                                    [persistent] => 
                                                    [host-only] => 
                                                )

                                            [reference_time] => 1647044011
                                        )

                                    [cookie_check] => Requests_Cookie Object
                                        (
                                            [name] => cookie_check
                                            [value] => yes
                                            [attributes] => Requests_Utility_CaseInsensitiveDictionary Object
                                                (
                                                    [data:protected] => Array
                                                        (
                                                            [expires] => 1962404011
                                                            [domain] => paypal.com
                                                            [path] => /
                                                            [secure] => 1
                                                            [httponly] => 1
                                                        )

                                                )

                                            [flags] => Array
                                                (
                                                    [creation] => 1647044011
                                                    [last-access] => 1647044011
                                                    [persistent] => 
                                                    [host-only] => 
                                                )

                                            [reference_time] => 1647044011
                                        )

                                    [navcmd] => Requests_Cookie Object
                                        (
                                            [name] => navcmd
                                            [value] => _notify-validate
                                            [attributes] => Requests_Utility_CaseInsensitiveDictionary Object
                                                (
                                                    [data:protected] => Array
                                                        (
                                                            [domain] => paypal.com
                                                            [path] => /
                                                            [secure] => 1
                                                            [httponly] => 1
                                                        )

                                                )

                                            [flags] => Array
                                                (
                                                    [creation] => 1647044011
                                                    [last-access] => 1647044011
                                                    [persistent] => 
                                                    [host-only] => 
                                                )

                                            [reference_time] => 1647044011
                                        )

                                    [navlns] => Requests_Cookie Object
                                        (
                                            [name] => navlns
                                            [value] => 0.0
                                            [attributes] => Requests_Utility_CaseInsensitiveDictionary Object
                                                (
                                                    [data:protected] => Array
                                                        (
                                                            [expires] => 1710116011
                                                            [domain] => paypal.com
                                                            [path] => /
                                                            [secure] => 1
                                                            [httponly] => 1
                                                        )

                                                )

                                            [flags] => Array
                                                (
                                                    [creation] => 1647044011
                                                    [last-access] => 1647044011
                                                    [persistent] => 
                                                    [host-only] => 
                                                )

                                            [reference_time] => 1647044011
                                        )

                                    [l7_az] => Requests_Cookie Object
                                        (
                                            [name] => l7_az
                                            [value] => dcg15.slc
                                            [attributes] => Requests_Utility_CaseInsensitiveDictionary Object
                                                (
                                                    [data:protected] => Array
                                                        (
                                                            [path] => /
                                                            [domain] => paypal.com
                                                            [expires] => 1647045811
                                                            [httponly] => 1
                                                            [secure] => 1
                                                        )

                                                )

                                            [flags] => Array
                                                (
                                                    [creation] => 1647044011
                                                    [last-access] => 1647044011
                                                    [persistent] => 
                                                    [host-only] => 
                                                )

                                            [reference_time] => 1647044011
                                        )

                                    [ts] => Requests_Cookie Object
                                        (
                                            [name] => ts
                                            [value] => vreXpYrS%3D1741734811%26vteXpYrS%3D1647045811%26vr%3D7b79241617f0a7a06948a26afb83c041%26vt%3D7b79241617f0a7a06948a26afb83c040%26vtyp%3Dnew
                                            [attributes] => Requests_Utility_CaseInsensitiveDictionary Object
                                                (
                                                    [data:protected] => Array
                                                        (
                                                            [path] => /
                                                            [domain] => paypal.com
                                                            [expires] => 1741652011
                                                            [httponly] => 1
                                                            [secure] => 1
                                                        )

                                                )

                                            [flags] => Array
                                                (
                                                    [creation] => 1647044011
                                                    [last-access] => 1647044011
                                                    [persistent] => 
                                                    [host-only] => 
                                                )

                                            [reference_time] => 1647044011
                                        )

                                    [ts_c] => Requests_Cookie Object
                                        (
                                            [name] => ts_c
                                            [value] => vr%3D7b79241617f0a7a06948a26afb83c041%26vt%3D7b79241617f0a7a06948a26afb83c040
                                            [attributes] => Requests_Utility_CaseInsensitiveDictionary Object
                                                (
                                                    [data:protected] => Array
                                                        (
                                                            [path] => /
                                                            [domain] => paypal.com
                                                            [expires] => 1741652011
                                                            [secure] => 1
                                                        )

                                                )

                                            [flags] => Array
                                                (
                                                    [creation] => 1647044011
                                                    [last-access] => 1647044011
                                                    [persistent] => 
                                                    [host-only] => 
                                                )

                                            [reference_time] => 1647044011
                                        )

                                )

                        )

                )

            [filename:protected] => 
            [data] => 
            [headers] => 
            [status] => 
        )

)

2022-03-12T00:13:31+00:00 INFO Received valid response from PayPal IPN
2022-03-12T00:13:31+00:00 INFO Found order #57093
2022-03-12T00:13:31+00:00 INFO Payment status: completed
2022-03-12T00:13:38+00:00 INFO Found order #57093
2022-03-12T00:13:38+00:00 INFO Payment status: completed
2022-03-12T00:13:38+00:00 INFO Aborting, Order #57093 is already complete.
