2022-03-23T04:46:21+00:00 INFO Generating payment form for order 57576. Notify URL: https://online.chess-teacher.com/wc-api/WC_Gateway_Paypal/
2022-03-23T04:46:21+00:00 INFO PayPal Request Args for order 57576: Array
(
    [cmd] => _cart
    [business] => paypal4chess@gmail.com
    [no_note] => 1
    [currency_code] => USD
    [charset] => utf-8
    [rm] => 2
    [upload] => 1
    [return] => https://online.chess-teacher.com/checkout/order-received/57576/?key=wc_order_oi5vsEVwnCjGc&utm_nooverride=1
    [cancel_return] => https://online.chess-teacher.com/cart/?cancel_order=true&order=wc_order_oi5vsEVwnCjGc&order_id=57576&redirect&_wpnonce=834e6da87e
    [image_url] => 
    [paymentaction] => sale
    [invoice] => WC-57576
    [custom] => {"order_id":57576,"order_key":"wc_order_oi5vsEVwnCjGc"}
    [notify_url] => https://online.chess-teacher.com/wc-api/WC_Gateway_Paypal/
    [first_name] => ***
    [last_name] => ***
    [address1] => ***
    [address2] => ***
    [city] => ***
    [state] => ***
    [zip] => ***
    [country] => ***
    [email] => ***@***
    [night_phone_a] => ***
    [night_phone_b] => ***
    [no_shipping] => 1
    [tax_cart] => 0.00
    [item_name_1] => My Thinking System
    [quantity_1] => 1
    [amount_1] => 17
    [item_number_1] => 
    [bn] => WooThemes_Cart
)

2022-03-23T04:47:11+00:00 INFO Checking IPN response is valid
2022-03-23T04:47:12+00:00 INFO IPN Response: Array
(
    [headers] => Requests_Utility_CaseInsensitiveDictionary Object
        (
            [data:protected] => Array
                (
                    [cache-control] => max-age=0, no-cache, no-store, must-revalidate
                    [content-security-policy] => default-src 'self' https://*.paypal.com https://*.paypalobjects.com 'unsafe-inline'; style-src 'self' https://*.paypal.com https://*.paypalobjects.com 'unsafe-inline'; script-src 'nonce-5Xac+VAXrin1CDhLWdbHm8ecao1X9R4QJyAn1KOr8AscVDM4' 'self' 'unsafe-inline' https://*.paypal.com https://*.paypalobjects.com; img-src 'self' https: data:; object-src 'none'; font-src 'self' https://*.paypal.com https://*.paypalobjects.com; frame-src 'self' https://*.paypalobjects.com https://*.paypal.com https://*.qualtrics.com; connect-src 'self' 'unsafe-inline' https://*.paypal.com https://*.paypalobjects.com https://*.qualtrics.com; form-action 'self' https://*.paypal.com; base-uri 'self' https://*.paypal.com; block-all-mixed-content;; report-uri https://www.paypal.com/csplog/api/log/csp
                    [content-type] => text/html; charset=utf-8
                    [etag] => W/"8-WXvD6WBsMSDy5c0v7r4OHopk5Ys"
                    [paypal-debug-id] => f957099f36811
                    [set-cookie] => Array
                        (
                            [0] => LANG=en_US%3BUS; Max-Age=31556; Domain=.paypal.com; Path=/; Expires=Wed, 23 Mar 2022 13:33:08 GMT; HttpOnly; Secure
                            [1] => enforce_policy=ccpa; Max-Age=31536000; Domain=.paypal.com; Path=/; Expires=Thu, 23 Mar 2023 04:47:12 GMT; Secure
                            [2] => x-pp-s=eyJ0IjoiMTY0ODAxMDgzMjEwNiIsImwiOiIwIiwibSI6IjAifQ; Domain=.paypal.com; Path=/; HttpOnly; Secure
                            [3] => tsrce=merchantnotifnodeweb; Domain=.paypal.com; Path=/; Expires=Sat, 26 Mar 2022 04:47:12 GMT; HttpOnly; Secure; SameSite=None
                            [4] => nsid=s%3AWpOV0_K8uHOfFw_mgEXkIaILJkhZ-U4J.vnmK0bzOh5KH%2FJGNyjSufN%2Ba3vUgy6ceNgkC5dcgZXY; Path=/; HttpOnly; Secure
                            [5] => l7_svc=merchantnotifnodeweb; Path=/; Domain=paypal.com; Expires=Wed, 23 Mar 2022 05:17:12 GMT; HttpOnly; Secure
                            [6] => ts=vreXpYrS%3D1742705232%26vteXpYrS%3D1648012632%26vr%3Db519a88817f0a280ce899d2dffe72a68%26vt%3Db519a88817f0a280ce899d2dffe72a67%26vtyp%3Dnew; Path=/; Domain=paypal.com; Expires=Sat, 22 Mar 2025 04:47:12 GMT; HttpOnly; Secure
                            [7] => ts_c=vr%3Db519a88817f0a280ce899d2dffe72a68%26vt%3Db519a88817f0a280ce899d2dffe72a67; Path=/; Domain=paypal.com; Expires=Sat, 22 Mar 2025 04:47:12 GMT; Secure
                        )

                    [x-content-type-options] => nosniff
                    [x-frame-options] => SAMEORIGIN
                    [x-xss-protection] => 1; mode=block
                    [dc] => ccg11-origin-www-1.paypal.com
                    [accept-ranges] => none
                    [date] => Wed, 23 Mar 2022 04:47:12 GMT
                    [via] => 1.1 varnish
                    [strict-transport-security] => max-age=63072000; includeSubDomains; preload
                    [x-served-by] => cache-dfw18645-DFW
                    [x-cache] => MISS
                    [x-cache-hits] => 0
                    [x-timer] => S1648010832.980366,VS0,VE155
                    [vary] => Accept-Encoding
                    [server-timing] => content-encoding;desc="",x-cdn;desc="fastly"
                    [content-encoding] => br
                )

        )

    [body] => VERIFIED
    [response] => Array
        (
            [code] => 200
            [message] => OK
        )

    [cookies] => Array
        (
            [0] => WP_Http_Cookie Object
                (
                    [name] => LANG
                    [value] => en_US;US
                    [expires] => 1648042388
                    [path] => /
                    [domain] => paypal.com
                    [host_only] => 
                )

            [1] => WP_Http_Cookie Object
                (
                    [name] => enforce_policy
                    [value] => ccpa
                    [expires] => 1679546832
                    [path] => /
                    [domain] => paypal.com
                    [host_only] => 
                )

            [2] => WP_Http_Cookie Object
                (
                    [name] => x-pp-s
                    [value] => eyJ0IjoiMTY0ODAxMDgzMjEwNiIsImwiOiIwIiwibSI6IjAifQ
                    [expires] => 
                    [path] => /
                    [domain] => paypal.com
                    [host_only] => 
                )

            [3] => WP_Http_Cookie Object
                (
                    [name] => tsrce
                    [value] => merchantnotifnodeweb
                    [expires] => 1648270032
                    [path] => /
                    [domain] => paypal.com
                    [host_only] => 
                )

            [4] => WP_Http_Cookie Object
                (
                    [name] => nsid
                    [value] => s:WpOV0_K8uHOfFw_mgEXkIaILJkhZ-U4J.vnmK0bzOh5KH/JGNyjSufN+a3vUgy6ceNgkC5dcgZXY
                    [expires] => 
                    [path] => /
                    [domain] => www.paypal.com
                    [host_only] => 1
                )

            [5] => WP_Http_Cookie Object
                (
                    [name] => l7_svc
                    [value] => merchantnotifnodeweb
                    [expires] => 1648012632
                    [path] => /
                    [domain] => paypal.com
                    [host_only] => 
                )

            [6] => WP_Http_Cookie Object
                (
                    [name] => ts
                    [value] => vreXpYrS=1742705232&vteXpYrS=1648012632&vr=b519a88817f0a280ce899d2dffe72a68&vt=b519a88817f0a280ce899d2dffe72a67&vtyp=new
                    [expires] => 1742618832
                    [path] => /
                    [domain] => paypal.com
                    [host_only] => 
                )

            [7] => WP_Http_Cookie Object
                (
                    [name] => ts_c
                    [value] => vr=b519a88817f0a280ce899d2dffe72a68&vt=b519a88817f0a280ce899d2dffe72a67
                    [expires] => 1742618832
                    [path] => /
                    [domain] => paypal.com
                    [host_only] => 
                )

        )

    [filename] => 
    [http_response] => WP_HTTP_Requests_Response Object
        (
            [response:protected] => Requests_Response Object
                (
                    [body] => VERIFIED
                    [raw] => HTTP/1.1 200 OK
Connection: close
Cache-Control: max-age=0, no-cache, no-store, must-revalidate
Content-Security-Policy: default-src 'self' https://*.paypal.com https://*.paypalobjects.com 'unsafe-inline'; style-src 'self' https://*.paypal.com https://*.paypalobjects.com 'unsafe-inline'; script-src 'nonce-5Xac+VAXrin1CDhLWdbHm8ecao1X9R4QJyAn1KOr8AscVDM4' 'self' 'unsafe-inline' https://*.paypal.com https://*.paypalobjects.com; img-src 'self' https: data:; object-src 'none'; font-src 'self' https://*.paypal.com https://*.paypalobjects.com; frame-src 'self' https://*.paypalobjects.com https://*.paypal.com https://*.qualtrics.com; connect-src 'self' 'unsafe-inline' https://*.paypal.com https://*.paypalobjects.com https://*.qualtrics.com; form-action 'self' https://*.paypal.com; base-uri 'self' https://*.paypal.com; block-all-mixed-content;; report-uri https://www.paypal.com/csplog/api/log/csp
Content-Type: text/html; charset=utf-8
Etag: W/"8-WXvD6WBsMSDy5c0v7r4OHopk5Ys"
Paypal-Debug-Id: f957099f36811
Set-Cookie: LANG=en_US%3BUS; Max-Age=31556; Domain=.paypal.com; Path=/; Expires=Wed, 23 Mar 2022 13:33:08 GMT; HttpOnly; Secure
Set-Cookie: enforce_policy=ccpa; Max-Age=31536000; Domain=.paypal.com; Path=/; Expires=Thu, 23 Mar 2023 04:47:12 GMT; Secure
Set-Cookie: x-pp-s=eyJ0IjoiMTY0ODAxMDgzMjEwNiIsImwiOiIwIiwibSI6IjAifQ; Domain=.paypal.com; Path=/; HttpOnly; Secure
Set-Cookie: tsrce=merchantnotifnodeweb; Domain=.paypal.com; Path=/; Expires=Sat, 26 Mar 2022 04:47:12 GMT; HttpOnly; Secure; SameSite=None
Set-Cookie: nsid=s%3AWpOV0_K8uHOfFw_mgEXkIaILJkhZ-U4J.vnmK0bzOh5KH%2FJGNyjSufN%2Ba3vUgy6ceNgkC5dcgZXY; Path=/; HttpOnly; Secure
Set-Cookie: l7_svc=merchantnotifnodeweb; Path=/; Domain=paypal.com; Expires=Wed, 23 Mar 2022 05:17:12 GMT; HttpOnly; Secure
Set-Cookie: ts=vreXpYrS%3D1742705232%26vteXpYrS%3D1648012632%26vr%3Db519a88817f0a280ce899d2dffe72a68%26vt%3Db519a88817f0a280ce899d2dffe72a67%26vtyp%3Dnew; Path=/; Domain=paypal.com; Expires=Sat, 22 Mar 2025 04:47:12 GMT; HttpOnly; Secure
Set-Cookie: ts_c=vr%3Db519a88817f0a280ce899d2dffe72a68%26vt%3Db519a88817f0a280ce899d2dffe72a67; Path=/; Domain=paypal.com; Expires=Sat, 22 Mar 2025 04:47:12 GMT; Secure
X-Content-Type-Options: nosniff
X-Frame-Options: SAMEORIGIN
X-Xss-Protection: 1; mode=block
DC: ccg11-origin-www-1.paypal.com
Accept-Ranges: none
Date: Wed, 23 Mar 2022 04:47:12 GMT
Via: 1.1 varnish
Strict-Transport-Security: max-age=63072000; includeSubDomains; preload
X-Served-By: cache-dfw18645-DFW
X-Cache: MISS
X-Cache-Hits: 0
X-Timer: S1648010832.980366,VS0,VE155
Vary: Accept-Encoding
Server-Timing: content-encoding;desc="",x-cdn;desc="fastly"
content-encoding: br
transfer-encoding: chunked

VERIFIED
                    [headers] => Requests_Response_Headers Object
                        (
                            [data:protected] => Array
                                (
                                    [cache-control] => Array
                                        (
                                            [0] => max-age=0, no-cache, no-store, must-revalidate
                                        )

                                    [content-security-policy] => Array
                                        (
                                            [0] => default-src 'self' https://*.paypal.com https://*.paypalobjects.com 'unsafe-inline'; style-src 'self' https://*.paypal.com https://*.paypalobjects.com 'unsafe-inline'; script-src 'nonce-5Xac+VAXrin1CDhLWdbHm8ecao1X9R4QJyAn1KOr8AscVDM4' 'self' 'unsafe-inline' https://*.paypal.com https://*.paypalobjects.com; img-src 'self' https: data:; object-src 'none'; font-src 'self' https://*.paypal.com https://*.paypalobjects.com; frame-src 'self' https://*.paypalobjects.com https://*.paypal.com https://*.qualtrics.com; connect-src 'self' 'unsafe-inline' https://*.paypal.com https://*.paypalobjects.com https://*.qualtrics.com; form-action 'self' https://*.paypal.com; base-uri 'self' https://*.paypal.com; block-all-mixed-content;; report-uri https://www.paypal.com/csplog/api/log/csp
                                        )

                                    [content-type] => Array
                                        (
                                            [0] => text/html; charset=utf-8
                                        )

                                    [etag] => Array
                                        (
                                            [0] => W/"8-WXvD6WBsMSDy5c0v7r4OHopk5Ys"
                                        )

                                    [paypal-debug-id] => Array
                                        (
                                            [0] => f957099f36811
                                        )

                                    [set-cookie] => Array
                                        (
                                            [0] => LANG=en_US%3BUS; Max-Age=31556; Domain=.paypal.com; Path=/; Expires=Wed, 23 Mar 2022 13:33:08 GMT; HttpOnly; Secure
                                            [1] => enforce_policy=ccpa; Max-Age=31536000; Domain=.paypal.com; Path=/; Expires=Thu, 23 Mar 2023 04:47:12 GMT; Secure
                                            [2] => x-pp-s=eyJ0IjoiMTY0ODAxMDgzMjEwNiIsImwiOiIwIiwibSI6IjAifQ; Domain=.paypal.com; Path=/; HttpOnly; Secure
                                            [3] => tsrce=merchantnotifnodeweb; Domain=.paypal.com; Path=/; Expires=Sat, 26 Mar 2022 04:47:12 GMT; HttpOnly; Secure; SameSite=None
                                            [4] => nsid=s%3AWpOV0_K8uHOfFw_mgEXkIaILJkhZ-U4J.vnmK0bzOh5KH%2FJGNyjSufN%2Ba3vUgy6ceNgkC5dcgZXY; Path=/; HttpOnly; Secure
                                            [5] => l7_svc=merchantnotifnodeweb; Path=/; Domain=paypal.com; Expires=Wed, 23 Mar 2022 05:17:12 GMT; HttpOnly; Secure
                                            [6] => ts=vreXpYrS%3D1742705232%26vteXpYrS%3D1648012632%26vr%3Db519a88817f0a280ce899d2dffe72a68%26vt%3Db519a88817f0a280ce899d2dffe72a67%26vtyp%3Dnew; Path=/; Domain=paypal.com; Expires=Sat, 22 Mar 2025 04:47:12 GMT; HttpOnly; Secure
                                            [7] => ts_c=vr%3Db519a88817f0a280ce899d2dffe72a68%26vt%3Db519a88817f0a280ce899d2dffe72a67; Path=/; Domain=paypal.com; Expires=Sat, 22 Mar 2025 04:47:12 GMT; Secure
                                        )

                                    [x-content-type-options] => Array
                                        (
                                            [0] => nosniff
                                        )

                                    [x-frame-options] => Array
                                        (
                                            [0] => SAMEORIGIN
                                        )

                                    [x-xss-protection] => Array
                                        (
                                            [0] => 1; mode=block
                                        )

                                    [dc] => Array
                                        (
                                            [0] => ccg11-origin-www-1.paypal.com
                                        )

                                    [accept-ranges] => Array
                                        (
                                            [0] => none
                                        )

                                    [date] => Array
                                        (
                                            [0] => Wed, 23 Mar 2022 04:47:12 GMT
                                        )

                                    [via] => Array
                                        (
                                            [0] => 1.1 varnish
                                        )

                                    [strict-transport-security] => Array
                                        (
                                            [0] => max-age=63072000; includeSubDomains; preload
                                        )

                                    [x-served-by] => Array
                                        (
                                            [0] => cache-dfw18645-DFW
                                        )

                                    [x-cache] => Array
                                        (
                                            [0] => MISS
                                        )

                                    [x-cache-hits] => Array
                                        (
                                            [0] => 0
                                        )

                                    [x-timer] => Array
                                        (
                                            [0] => S1648010832.980366,VS0,VE155
                                        )

                                    [vary] => Array
                                        (
                                            [0] => Accept-Encoding
                                        )

                                    [server-timing] => Array
                                        (
                                            [0] => content-encoding;desc="",x-cdn;desc="fastly"
                                        )

                                    [content-encoding] => Array
                                        (
                                            [0] => br
                                        )

                                )

                        )

                    [status_code] => 200
                    [protocol_version] => 1.1
                    [success] => 1
                    [redirects] => 0
                    [url] => https://www.paypal.com/cgi-bin/webscr
                    [history] => Array
                        (
                        )

                    [cookies] => Requests_Cookie_Jar Object
                        (
                            [cookies:protected] => Array
                                (
                                    [LANG] => Requests_Cookie Object
                                        (
                                            [name] => LANG
                                            [value] => en_US%3BUS
                                            [attributes] => Requests_Utility_CaseInsensitiveDictionary Object
                                                (
                                                    [data:protected] => Array
                                                        (
                                                            [max-age] => 1648042388
                                                            [domain] => paypal.com
                                                            [path] => /
                                                            [expires] => 1648042388
                                                            [httponly] => 1
                                                            [secure] => 1
                                                        )

                                                )

                                            [flags] => Array
                                                (
                                                    [creation] => 1648010832
                                                    [last-access] => 1648010832
                                                    [persistent] => 
                                                    [host-only] => 
                                                )

                                            [reference_time] => 1648010832
                                        )

                                    [enforce_policy] => Requests_Cookie Object
                                        (
                                            [name] => enforce_policy
                                            [value] => ccpa
                                            [attributes] => Requests_Utility_CaseInsensitiveDictionary Object
                                                (
                                                    [data:protected] => Array
                                                        (
                                                            [max-age] => 1679546832
                                                            [domain] => paypal.com
                                                            [path] => /
                                                            [expires] => 1679546832
                                                            [secure] => 1
                                                        )

                                                )

                                            [flags] => Array
                                                (
                                                    [creation] => 1648010832
                                                    [last-access] => 1648010832
                                                    [persistent] => 
                                                    [host-only] => 
                                                )

                                            [reference_time] => 1648010832
                                        )

                                    [x-pp-s] => Requests_Cookie Object
                                        (
                                            [name] => x-pp-s
                                            [value] => eyJ0IjoiMTY0ODAxMDgzMjEwNiIsImwiOiIwIiwibSI6IjAifQ
                                            [attributes] => Requests_Utility_CaseInsensitiveDictionary Object
                                                (
                                                    [data:protected] => Array
                                                        (
                                                            [domain] => paypal.com
                                                            [path] => /
                                                            [httponly] => 1
                                                            [secure] => 1
                                                        )

                                                )

                                            [flags] => Array
                                                (
                                                    [creation] => 1648010832
                                                    [last-access] => 1648010832
                                                    [persistent] => 
                                                    [host-only] => 
                                                )

                                            [reference_time] => 1648010832
                                        )

                                    [tsrce] => Requests_Cookie Object
                                        (
                                            [name] => tsrce
                                            [value] => merchantnotifnodeweb
                                            [attributes] => Requests_Utility_CaseInsensitiveDictionary Object
                                                (
                                                    [data:protected] => Array
                                                        (
                                                            [domain] => paypal.com
                                                            [path] => /
                                                            [expires] => 1648270032
                                                            [httponly] => 1
                                                            [secure] => 1
                                                            [samesite] => None
                                                        )

                                                )

                                            [flags] => Array
                                                (
                                                    [creation] => 1648010832
                                                    [last-access] => 1648010832
                                                    [persistent] => 
                                                    [host-only] => 
                                                )

                                            [reference_time] => 1648010832
                                        )

                                    [nsid] => Requests_Cookie Object
                                        (
                                            [name] => nsid
                                            [value] => s%3AWpOV0_K8uHOfFw_mgEXkIaILJkhZ-U4J.vnmK0bzOh5KH%2FJGNyjSufN%2Ba3vUgy6ceNgkC5dcgZXY
                                            [attributes] => Requests_Utility_CaseInsensitiveDictionary Object
                                                (
                                                    [data:protected] => Array
                                                        (
                                                            [path] => /
                                                            [httponly] => 1
                                                            [secure] => 1
                                                            [domain] => www.paypal.com
                                                        )

                                                )

                                            [flags] => Array
                                                (
                                                    [creation] => 1648010832
                                                    [last-access] => 1648010832
                                                    [persistent] => 
                                                    [host-only] => 1
                                                )

                                            [reference_time] => 1648010832
                                        )

                                    [l7_svc] => Requests_Cookie Object
                                        (
                                            [name] => l7_svc
                                            [value] => merchantnotifnodeweb
                                            [attributes] => Requests_Utility_CaseInsensitiveDictionary Object
                                                (
                                                    [data:protected] => Array
                                                        (
                                                            [path] => /
                                                            [domain] => paypal.com
                                                            [expires] => 1648012632
                                                            [httponly] => 1
                                                            [secure] => 1
                                                        )

                                                )

                                            [flags] => Array
                                                (
                                                    [creation] => 1648010832
                                                    [last-access] => 1648010832
                                                    [persistent] => 
                                                    [host-only] => 
                                                )

                                            [reference_time] => 1648010832
                                        )

                                    [ts] => Requests_Cookie Object
                                        (
                                            [name] => ts
                                            [value] => vreXpYrS%3D1742705232%26vteXpYrS%3D1648012632%26vr%3Db519a88817f0a280ce899d2dffe72a68%26vt%3Db519a88817f0a280ce899d2dffe72a67%26vtyp%3Dnew
                                            [attributes] => Requests_Utility_CaseInsensitiveDictionary Object
                                                (
                                                    [data:protected] => Array
                                                        (
                                                            [path] => /
                                                            [domain] => paypal.com
                                                            [expires] => 1742618832
                                                            [httponly] => 1
                                                            [secure] => 1
                                                        )

                                                )

                                            [flags] => Array
                                                (
                                                    [creation] => 1648010832
                                                    [last-access] => 1648010832
                                                    [persistent] => 
                                                    [host-only] => 
                                                )

                                            [reference_time] => 1648010832
                                        )

                                    [ts_c] => Requests_Cookie Object
                                        (
                                            [name] => ts_c
                                            [value] => vr%3Db519a88817f0a280ce899d2dffe72a68%26vt%3Db519a88817f0a280ce899d2dffe72a67
                                            [attributes] => Requests_Utility_CaseInsensitiveDictionary Object
                                                (
                                                    [data:protected] => Array
                                                        (
                                                            [path] => /
                                                            [domain] => paypal.com
                                                            [expires] => 1742618832
                                                            [secure] => 1
                                                        )

                                                )

                                            [flags] => Array
                                                (
                                                    [creation] => 1648010832
                                                    [last-access] => 1648010832
                                                    [persistent] => 
                                                    [host-only] => 
                                                )

                                            [reference_time] => 1648010832
                                        )

                                )

                        )

                )

            [filename:protected] => 
            [data] => 
            [headers] => 
            [status] => 
        )

)

2022-03-23T04:47:12+00:00 INFO Received valid response from PayPal IPN
2022-03-23T04:47:12+00:00 INFO Found order #57576
2022-03-23T04:47:12+00:00 INFO Payment status: completed
2022-03-23T04:47:14+00:00 INFO Found order #57576
2022-03-23T04:47:14+00:00 INFO Payment status: completed
2022-03-23T04:47:14+00:00 INFO Aborting, Order #57576 is already complete.
