2022-03-20T02:45:10+00:00 INFO Generating payment form for order 57552. Notify URL: https://online.chess-teacher.com/wc-api/WC_Gateway_Paypal/
2022-03-20T02:45:10+00:00 INFO PayPal Request Args for order 57552: Array
(
    [cmd] => _cart
    [business] => paypal4chess@gmail.com
    [no_note] => 1
    [currency_code] => USD
    [charset] => utf-8
    [rm] => 2
    [upload] => 1
    [return] => https://online.chess-teacher.com/checkout/order-received/57552/?key=wc_order_Z0y8dZTmqY1rf&utm_nooverride=1
    [cancel_return] => https://online.chess-teacher.com/cart/?cancel_order=true&order=wc_order_Z0y8dZTmqY1rf&order_id=57552&redirect&_wpnonce=d39f2c46fd
    [image_url] => 
    [paymentaction] => sale
    [invoice] => WC-57552
    [custom] => {"order_id":57552,"order_key":"wc_order_Z0y8dZTmqY1rf"}
    [notify_url] => https://online.chess-teacher.com/wc-api/WC_Gateway_Paypal/
    [first_name] => ***
    [last_name] => ***
    [address1] => ***
    [address2] => ***
    [city] => ***
    [state] => ***
    [zip] => ***
    [country] => ***
    [email] => ***@***
    [night_phone_a] => ***
    [night_phone_b] => ***
    [no_shipping] => 1
    [tax_cart] => 0.00
    [discount_amount_cart] => 128.00
    [item_name_1] => The Initiative Masterclass
    [quantity_1] => 1
    [amount_1] => 129
    [item_number_1] => 
    [bn] => WooThemes_Cart
)

2022-03-20T02:49:17+00:00 INFO Checking IPN response is valid
2022-03-20T02:49:19+00:00 INFO IPN Response: Array
(
    [headers] => Requests_Utility_CaseInsensitiveDictionary Object
        (
            [data:protected] => Array
                (
                    [cache-control] => max-age=0, no-cache, no-store, must-revalidate
                    [content-encoding] => gzip
                    [content-type] => text/html; charset=UTF-8
                    [paypal-debug-id] => f679761ed8299
                    [set-cookie] => Array
                        (
                            [0] => cwrClyrK4LoCV1fydGbAxiNL6iG=wTetFeVdWPNNjf5lPxaT995foiXRPiQdWPoqa1Dr0pIqE8v2f_KcbA-j-mjNEv4CxeaewJlRVxBvnKO237szqvyLQezxWsrPkXtzEm3-DMIz9s--e1c3paJqLiSx4qCfNzBtRXhBoZPqgr2nYRN-97moOIxpQq3AtzZw5N41sldWfpuGGULmXFQO1KUvK1eli2z-UeLX9SZoZ_OBQgQRDQEtZWJ6O8-YLJfgRqOkCbat1cagWa6LU_TM5H7mqT0WTEs3eKCUFG2JeRYh1Ip_nxeUAwemz4fqurI3-c_Bj5xyGgJLRx5qHcMcVI4EU85a1Zrtb2BBYTmASl_3eTOJxG4YqjFwl1gJAAM0e0VtxrPMIL5cC9YI52qJCglhcx2uFu_vnoZWefdcA6uyAnMfDWJwBV6pMZDS6kgfvFEx98qjgCqqfOBDuTXGkxu; domain=.paypal.com; path=/; Secure; HttpOnly
                            [1] => cookie_check=yes; expires=Wed, 17-Mar-2032 02:49:18 GMT; domain=.paypal.com; path=/; Secure; HttpOnly
                            [2] => navcmd=_notify-validate; domain=.paypal.com; path=/; Secure; HttpOnly
                            [3] => navlns=0.0; expires=Tue, 19-Mar-2024 02:49:18 GMT; domain=.paypal.com; path=/; Secure; HttpOnly
                            [4] => l7_az=dcg13.slc; Path=/; Domain=paypal.com; Expires=Sun, 20 Mar 2022 03:19:19 GMT; HttpOnly; Secure
                            [5] => ts=vreXpYrS%3D1742438957%26vteXpYrS%3D1647746357%26vr%3Da53aa36617f0ad00624445c2f90c5a86%26vt%3Da53aa36617f0ad00624445c2f90c5a85%26vtyp%3Dnew; Path=/; Domain=paypal.com; Expires=Wed, 19 Mar 2025 02:49:19 GMT; HttpOnly; Secure
                            [6] => ts_c=vr%3Da53aa36617f0ad00624445c2f90c5a86%26vt%3Da53aa36617f0ad00624445c2f90c5a85; Path=/; Domain=paypal.com; Expires=Wed, 19 Mar 2025 02:49:19 GMT; Secure
                        )

                    [x-frame-options] => SAMEORIGIN
                    [dc] => ccg11-origin-www-1.paypal.com
                    [accept-ranges] => bytes
                    [via] => 1.1 varnish, 1.1 varnish
                    [date] => Sun, 20 Mar 2022 02:49:19 GMT
                    [strict-transport-security] => max-age=63072000; includeSubDomains; preload
                    [x-served-by] => cache-dfw18679-DFW, cache-dal21259-DAL
                    [x-cache] => MISS, MISS
                    [x-cache-hits] => 0, 0
                    [x-timer] => S1647744558.896268,VS0,VE1413
                    [vary] => Accept-Encoding
                    [server-timing] => content-encoding;desc="gzip",x-cdn;desc="fastly"
                )

        )

    [body] => VERIFIED
    [response] => Array
        (
            [code] => 200
            [message] => OK
        )

    [cookies] => Array
        (
            [0] => WP_Http_Cookie Object
                (
                    [name] => cwrClyrK4LoCV1fydGbAxiNL6iG
                    [value] => wTetFeVdWPNNjf5lPxaT995foiXRPiQdWPoqa1Dr0pIqE8v2f_KcbA-j-mjNEv4CxeaewJlRVxBvnKO237szqvyLQezxWsrPkXtzEm3-DMIz9s--e1c3paJqLiSx4qCfNzBtRXhBoZPqgr2nYRN-97moOIxpQq3AtzZw5N41sldWfpuGGULmXFQO1KUvK1eli2z-UeLX9SZoZ_OBQgQRDQEtZWJ6O8-YLJfgRqOkCbat1cagWa6LU_TM5H7mqT0WTEs3eKCUFG2JeRYh1Ip_nxeUAwemz4fqurI3-c_Bj5xyGgJLRx5qHcMcVI4EU85a1Zrtb2BBYTmASl_3eTOJxG4YqjFwl1gJAAM0e0VtxrPMIL5cC9YI52qJCglhcx2uFu_vnoZWefdcA6uyAnMfDWJwBV6pMZDS6kgfvFEx98qjgCqqfOBDuTXGkxu
                    [expires] => 
                    [path] => /
                    [domain] => paypal.com
                    [host_only] => 
                )

            [1] => WP_Http_Cookie Object
                (
                    [name] => cookie_check
                    [value] => yes
                    [expires] => 1963104558
                    [path] => /
                    [domain] => paypal.com
                    [host_only] => 
                )

            [2] => WP_Http_Cookie Object
                (
                    [name] => navcmd
                    [value] => _notify-validate
                    [expires] => 
                    [path] => /
                    [domain] => paypal.com
                    [host_only] => 
                )

            [3] => WP_Http_Cookie Object
                (
                    [name] => navlns
                    [value] => 0.0
                    [expires] => 1710816558
                    [path] => /
                    [domain] => paypal.com
                    [host_only] => 
                )

            [4] => WP_Http_Cookie Object
                (
                    [name] => l7_az
                    [value] => dcg13.slc
                    [expires] => 1647746359
                    [path] => /
                    [domain] => paypal.com
                    [host_only] => 
                )

            [5] => WP_Http_Cookie Object
                (
                    [name] => ts
                    [value] => vreXpYrS=1742438957&vteXpYrS=1647746357&vr=a53aa36617f0ad00624445c2f90c5a86&vt=a53aa36617f0ad00624445c2f90c5a85&vtyp=new
                    [expires] => 1742352559
                    [path] => /
                    [domain] => paypal.com
                    [host_only] => 
                )

            [6] => WP_Http_Cookie Object
                (
                    [name] => ts_c
                    [value] => vr=a53aa36617f0ad00624445c2f90c5a86&vt=a53aa36617f0ad00624445c2f90c5a85
                    [expires] => 1742352559
                    [path] => /
                    [domain] => paypal.com
                    [host_only] => 
                )

        )

    [filename] => 
    [http_response] => WP_HTTP_Requests_Response Object
        (
            [response:protected] => Requests_Response Object
                (
                    [body] => VERIFIED
                    [raw] => HTTP/1.1 200 OK
Connection: close
Cache-Control: max-age=0, no-cache, no-store, must-revalidate
Content-Encoding: gzip
Content-Type: text/html; charset=UTF-8
Paypal-Debug-Id: f679761ed8299
Set-Cookie: cwrClyrK4LoCV1fydGbAxiNL6iG=wTetFeVdWPNNjf5lPxaT995foiXRPiQdWPoqa1Dr0pIqE8v2f_KcbA-j-mjNEv4CxeaewJlRVxBvnKO237szqvyLQezxWsrPkXtzEm3-DMIz9s--e1c3paJqLiSx4qCfNzBtRXhBoZPqgr2nYRN-97moOIxpQq3AtzZw5N41sldWfpuGGULmXFQO1KUvK1eli2z-UeLX9SZoZ_OBQgQRDQEtZWJ6O8-YLJfgRqOkCbat1cagWa6LU_TM5H7mqT0WTEs3eKCUFG2JeRYh1Ip_nxeUAwemz4fqurI3-c_Bj5xyGgJLRx5qHcMcVI4EU85a1Zrtb2BBYTmASl_3eTOJxG4YqjFwl1gJAAM0e0VtxrPMIL5cC9YI52qJCglhcx2uFu_vnoZWefdcA6uyAnMfDWJwBV6pMZDS6kgfvFEx98qjgCqqfOBDuTXGkxu; domain=.paypal.com; path=/; Secure; HttpOnly
Set-Cookie: cookie_check=yes; expires=Wed, 17-Mar-2032 02:49:18 GMT; domain=.paypal.com; path=/; Secure; HttpOnly
Set-Cookie: navcmd=_notify-validate; domain=.paypal.com; path=/; Secure; HttpOnly
Set-Cookie: navlns=0.0; expires=Tue, 19-Mar-2024 02:49:18 GMT; domain=.paypal.com; path=/; Secure; HttpOnly
Set-Cookie: l7_az=dcg13.slc; Path=/; Domain=paypal.com; Expires=Sun, 20 Mar 2022 03:19:19 GMT; HttpOnly; Secure
Set-Cookie: ts=vreXpYrS%3D1742438957%26vteXpYrS%3D1647746357%26vr%3Da53aa36617f0ad00624445c2f90c5a86%26vt%3Da53aa36617f0ad00624445c2f90c5a85%26vtyp%3Dnew; Path=/; Domain=paypal.com; Expires=Wed, 19 Mar 2025 02:49:19 GMT; HttpOnly; Secure
Set-Cookie: ts_c=vr%3Da53aa36617f0ad00624445c2f90c5a86%26vt%3Da53aa36617f0ad00624445c2f90c5a85; Path=/; Domain=paypal.com; Expires=Wed, 19 Mar 2025 02:49:19 GMT; Secure
X-Frame-Options: SAMEORIGIN
DC: ccg11-origin-www-1.paypal.com
Accept-Ranges: bytes
Via: 1.1 varnish, 1.1 varnish
Date: Sun, 20 Mar 2022 02:49:19 GMT
Strict-Transport-Security: max-age=63072000; includeSubDomains; preload
X-Served-By: cache-dfw18679-DFW, cache-dal21259-DAL
X-Cache: MISS, MISS
X-Cache-Hits: 0, 0
X-Timer: S1647744558.896268,VS0,VE1413
Vary: Accept-Encoding
Server-Timing: content-encoding;desc="gzip",x-cdn;desc="fastly"
transfer-encoding: chunked

VERIFIED
                    [headers] => Requests_Response_Headers Object
                        (
                            [data:protected] => Array
                                (
                                    [cache-control] => Array
                                        (
                                            [0] => max-age=0, no-cache, no-store, must-revalidate
                                        )

                                    [content-encoding] => Array
                                        (
                                            [0] => gzip
                                        )

                                    [content-type] => Array
                                        (
                                            [0] => text/html; charset=UTF-8
                                        )

                                    [paypal-debug-id] => Array
                                        (
                                            [0] => f679761ed8299
                                        )

                                    [set-cookie] => Array
                                        (
                                            [0] => cwrClyrK4LoCV1fydGbAxiNL6iG=wTetFeVdWPNNjf5lPxaT995foiXRPiQdWPoqa1Dr0pIqE8v2f_KcbA-j-mjNEv4CxeaewJlRVxBvnKO237szqvyLQezxWsrPkXtzEm3-DMIz9s--e1c3paJqLiSx4qCfNzBtRXhBoZPqgr2nYRN-97moOIxpQq3AtzZw5N41sldWfpuGGULmXFQO1KUvK1eli2z-UeLX9SZoZ_OBQgQRDQEtZWJ6O8-YLJfgRqOkCbat1cagWa6LU_TM5H7mqT0WTEs3eKCUFG2JeRYh1Ip_nxeUAwemz4fqurI3-c_Bj5xyGgJLRx5qHcMcVI4EU85a1Zrtb2BBYTmASl_3eTOJxG4YqjFwl1gJAAM0e0VtxrPMIL5cC9YI52qJCglhcx2uFu_vnoZWefdcA6uyAnMfDWJwBV6pMZDS6kgfvFEx98qjgCqqfOBDuTXGkxu; domain=.paypal.com; path=/; Secure; HttpOnly
                                            [1] => cookie_check=yes; expires=Wed, 17-Mar-2032 02:49:18 GMT; domain=.paypal.com; path=/; Secure; HttpOnly
                                            [2] => navcmd=_notify-validate; domain=.paypal.com; path=/; Secure; HttpOnly
                                            [3] => navlns=0.0; expires=Tue, 19-Mar-2024 02:49:18 GMT; domain=.paypal.com; path=/; Secure; HttpOnly
                                            [4] => l7_az=dcg13.slc; Path=/; Domain=paypal.com; Expires=Sun, 20 Mar 2022 03:19:19 GMT; HttpOnly; Secure
                                            [5] => ts=vreXpYrS%3D1742438957%26vteXpYrS%3D1647746357%26vr%3Da53aa36617f0ad00624445c2f90c5a86%26vt%3Da53aa36617f0ad00624445c2f90c5a85%26vtyp%3Dnew; Path=/; Domain=paypal.com; Expires=Wed, 19 Mar 2025 02:49:19 GMT; HttpOnly; Secure
                                            [6] => ts_c=vr%3Da53aa36617f0ad00624445c2f90c5a86%26vt%3Da53aa36617f0ad00624445c2f90c5a85; Path=/; Domain=paypal.com; Expires=Wed, 19 Mar 2025 02:49:19 GMT; Secure
                                        )

                                    [x-frame-options] => Array
                                        (
                                            [0] => SAMEORIGIN
                                        )

                                    [dc] => Array
                                        (
                                            [0] => ccg11-origin-www-1.paypal.com
                                        )

                                    [accept-ranges] => Array
                                        (
                                            [0] => bytes
                                        )

                                    [via] => Array
                                        (
                                            [0] => 1.1 varnish, 1.1 varnish
                                        )

                                    [date] => Array
                                        (
                                            [0] => Sun, 20 Mar 2022 02:49:19 GMT
                                        )

                                    [strict-transport-security] => Array
                                        (
                                            [0] => max-age=63072000; includeSubDomains; preload
                                        )

                                    [x-served-by] => Array
                                        (
                                            [0] => cache-dfw18679-DFW, cache-dal21259-DAL
                                        )

                                    [x-cache] => Array
                                        (
                                            [0] => MISS, MISS
                                        )

                                    [x-cache-hits] => Array
                                        (
                                            [0] => 0, 0
                                        )

                                    [x-timer] => Array
                                        (
                                            [0] => S1647744558.896268,VS0,VE1413
                                        )

                                    [vary] => Array
                                        (
                                            [0] => Accept-Encoding
                                        )

                                    [server-timing] => Array
                                        (
                                            [0] => content-encoding;desc="gzip",x-cdn;desc="fastly"
                                        )

                                )

                        )

                    [status_code] => 200
                    [protocol_version] => 1.1
                    [success] => 1
                    [redirects] => 0
                    [url] => https://www.paypal.com/cgi-bin/webscr
                    [history] => Array
                        (
                        )

                    [cookies] => Requests_Cookie_Jar Object
                        (
                            [cookies:protected] => Array
                                (
                                    [cwrClyrK4LoCV1fydGbAxiNL6iG] => Requests_Cookie Object
                                        (
                                            [name] => cwrClyrK4LoCV1fydGbAxiNL6iG
                                            [value] => wTetFeVdWPNNjf5lPxaT995foiXRPiQdWPoqa1Dr0pIqE8v2f_KcbA-j-mjNEv4CxeaewJlRVxBvnKO237szqvyLQezxWsrPkXtzEm3-DMIz9s--e1c3paJqLiSx4qCfNzBtRXhBoZPqgr2nYRN-97moOIxpQq3AtzZw5N41sldWfpuGGULmXFQO1KUvK1eli2z-UeLX9SZoZ_OBQgQRDQEtZWJ6O8-YLJfgRqOkCbat1cagWa6LU_TM5H7mqT0WTEs3eKCUFG2JeRYh1Ip_nxeUAwemz4fqurI3-c_Bj5xyGgJLRx5qHcMcVI4EU85a1Zrtb2BBYTmASl_3eTOJxG4YqjFwl1gJAAM0e0VtxrPMIL5cC9YI52qJCglhcx2uFu_vnoZWefdcA6uyAnMfDWJwBV6pMZDS6kgfvFEx98qjgCqqfOBDuTXGkxu
                                            [attributes] => Requests_Utility_CaseInsensitiveDictionary Object
                                                (
                                                    [data:protected] => Array
                                                        (
                                                            [domain] => paypal.com
                                                            [path] => /
                                                            [secure] => 1
                                                            [httponly] => 1
                                                        )

                                                )

                                            [flags] => Array
                                                (
                                                    [creation] => 1647744559
                                                    [last-access] => 1647744559
                                                    [persistent] => 
                                                    [host-only] => 
                                                )

                                            [reference_time] => 1647744559
                                        )

                                    [cookie_check] => Requests_Cookie Object
                                        (
                                            [name] => cookie_check
                                            [value] => yes
                                            [attributes] => Requests_Utility_CaseInsensitiveDictionary Object
                                                (
                                                    [data:protected] => Array
                                                        (
                                                            [expires] => 1963104558
                                                            [domain] => paypal.com
                                                            [path] => /
                                                            [secure] => 1
                                                            [httponly] => 1
                                                        )

                                                )

                                            [flags] => Array
                                                (
                                                    [creation] => 1647744559
                                                    [last-access] => 1647744559
                                                    [persistent] => 
                                                    [host-only] => 
                                                )

                                            [reference_time] => 1647744559
                                        )

                                    [navcmd] => Requests_Cookie Object
                                        (
                                            [name] => navcmd
                                            [value] => _notify-validate
                                            [attributes] => Requests_Utility_CaseInsensitiveDictionary Object
                                                (
                                                    [data:protected] => Array
                                                        (
                                                            [domain] => paypal.com
                                                            [path] => /
                                                            [secure] => 1
                                                            [httponly] => 1
                                                        )

                                                )

                                            [flags] => Array
                                                (
                                                    [creation] => 1647744559
                                                    [last-access] => 1647744559
                                                    [persistent] => 
                                                    [host-only] => 
                                                )

                                            [reference_time] => 1647744559
                                        )

                                    [navlns] => Requests_Cookie Object
                                        (
                                            [name] => navlns
                                            [value] => 0.0
                                            [attributes] => Requests_Utility_CaseInsensitiveDictionary Object
                                                (
                                                    [data:protected] => Array
                                                        (
                                                            [expires] => 1710816558
                                                            [domain] => paypal.com
                                                            [path] => /
                                                            [secure] => 1
                                                            [httponly] => 1
                                                        )

                                                )

                                            [flags] => Array
                                                (
                                                    [creation] => 1647744559
                                                    [last-access] => 1647744559
                                                    [persistent] => 
                                                    [host-only] => 
                                                )

                                            [reference_time] => 1647744559
                                        )

                                    [l7_az] => Requests_Cookie Object
                                        (
                                            [name] => l7_az
                                            [value] => dcg13.slc
                                            [attributes] => Requests_Utility_CaseInsensitiveDictionary Object
                                                (
                                                    [data:protected] => Array
                                                        (
                                                            [path] => /
                                                            [domain] => paypal.com
                                                            [expires] => 1647746359
                                                            [httponly] => 1
                                                            [secure] => 1
                                                        )

                                                )

                                            [flags] => Array
                                                (
                                                    [creation] => 1647744559
                                                    [last-access] => 1647744559
                                                    [persistent] => 
                                                    [host-only] => 
                                                )

                                            [reference_time] => 1647744559
                                        )

                                    [ts] => Requests_Cookie Object
                                        (
                                            [name] => ts
                                            [value] => vreXpYrS%3D1742438957%26vteXpYrS%3D1647746357%26vr%3Da53aa36617f0ad00624445c2f90c5a86%26vt%3Da53aa36617f0ad00624445c2f90c5a85%26vtyp%3Dnew
                                            [attributes] => Requests_Utility_CaseInsensitiveDictionary Object
                                                (
                                                    [data:protected] => Array
                                                        (
                                                            [path] => /
                                                            [domain] => paypal.com
                                                            [expires] => 1742352559
                                                            [httponly] => 1
                                                            [secure] => 1
                                                        )

                                                )

                                            [flags] => Array
                                                (
                                                    [creation] => 1647744559
                                                    [last-access] => 1647744559
                                                    [persistent] => 
                                                    [host-only] => 
                                                )

                                            [reference_time] => 1647744559
                                        )

                                    [ts_c] => Requests_Cookie Object
                                        (
                                            [name] => ts_c
                                            [value] => vr%3Da53aa36617f0ad00624445c2f90c5a86%26vt%3Da53aa36617f0ad00624445c2f90c5a85
                                            [attributes] => Requests_Utility_CaseInsensitiveDictionary Object
                                                (
                                                    [data:protected] => Array
                                                        (
                                                            [path] => /
                                                            [domain] => paypal.com
                                                            [expires] => 1742352559
                                                            [secure] => 1
                                                        )

                                                )

                                            [flags] => Array
                                                (
                                                    [creation] => 1647744559
                                                    [last-access] => 1647744559
                                                    [persistent] => 
                                                    [host-only] => 
                                                )

                                            [reference_time] => 1647744559
                                        )

                                )

                        )

                )

            [filename:protected] => 
            [data] => 
            [headers] => 
            [status] => 
        )

)

2022-03-20T02:49:19+00:00 INFO Received valid response from PayPal IPN
2022-03-20T02:49:19+00:00 INFO Found order #57552
2022-03-20T02:49:19+00:00 INFO Payment status: completed
2022-03-20T02:49:21+00:00 INFO Found order #57552
2022-03-20T02:49:21+00:00 INFO Payment status: completed
2022-03-20T02:49:21+00:00 INFO Aborting, Order #57552 is already complete.
