2022-03-24T15:26:46+00:00 INFO Checking IPN response is valid
2022-03-24T15:26:47+00:00 INFO IPN Response: Array
(
    [headers] => Requests_Utility_CaseInsensitiveDictionary Object
        (
            [data:protected] => Array
                (
                    [cache-control] => max-age=0, no-cache, no-store, must-revalidate
                    [content-encoding] => gzip
                    [content-type] => text/html; charset=UTF-8
                    [paypal-debug-id] => f27926100b2b0
                    [set-cookie] => Array
                        (
                            [0] => cwrClyrK4LoCV1fydGbAxiNL6iG=kMa9PvL9CawdNTZ-a-bcnkoO4EQKuxAjCWmGM2bHS1318U_x2M7mSpbWTgF4lyD-zpAYKeSYAzjI8kjB1EsVkEXQ3lZ9yv_2azqwzPJmQYYoZfeIeJPR2czyAUnjbBlADIMwH4j4ZSF4-FEDKm2O_H0maPqhq49MkkhCpsayzhJZiHbQ07N4aRkXZCYfP6LMvflXBLLTVPHtW8sfG5wS_DcBi2MhxiK0qbBIe-0Qni2K7izC0NjrUqaFElwUj5-Po5mvAylK0wBRUwjEM2BkQaNBZOSgP7MXEBY5aWeX_amrkT2hcIq8cbxoI80bxTUOgAAox4iGJ2Tc6_yOwVdpbxO-QPdGcGpqT_s5hnd_ilhAh3EO9yx7ph9FtapIGj6_0WnX_K33z0aNUX63ywqX1sT1f62JfUa8ailZG1mMlOemVoVvv5Z3t6BR9AK; domain=.paypal.com; path=/; Secure; HttpOnly
                            [1] => cookie_check=yes; expires=Sun, 21-Mar-2032 15:26:46 GMT; domain=.paypal.com; path=/; Secure; HttpOnly
                            [2] => navcmd=_notify-validate; domain=.paypal.com; path=/; Secure; HttpOnly
                            [3] => navlns=0.0; expires=Sat, 23-Mar-2024 15:26:46 GMT; domain=.paypal.com; path=/; Secure; HttpOnly
                            [4] => l7_svc=appdispatcher; Path=/; Domain=paypal.com; Expires=Thu, 24 Mar 2022 15:56:47 GMT; HttpOnly; Secure
                            [5] => l7_az=dcg01.phx; Path=/; Domain=paypal.com; Expires=Thu, 24 Mar 2022 15:56:47 GMT; HttpOnly; Secure
                            [6] => ts=vreXpYrS%3D1742830006%26vteXpYrS%3D1648137406%26vr%3Dbc898fab17f0a27130982d11ffd8bc7e%26vt%3Dbc898fab17f0a27130982d11ffd8bc7d%26vtyp%3Dnew; Path=/; Domain=paypal.com; Expires=Sun, 23 Mar 2025 15:26:47 GMT; HttpOnly; Secure
                            [7] => ts_c=vr%3Dbc898fab17f0a27130982d11ffd8bc7e%26vt%3Dbc898fab17f0a27130982d11ffd8bc7d; Path=/; Domain=paypal.com; Expires=Sun, 23 Mar 2025 15:26:47 GMT; Secure
                        )

                    [x-frame-options] => SAMEORIGIN
                    [dc] => ccg11-origin-www-1.paypal.com
                    [accept-ranges] => bytes
                    [date] => Thu, 24 Mar 2022 15:26:47 GMT
                    [via] => 1.1 varnish
                    [strict-transport-security] => max-age=63072000; includeSubDomains; preload
                    [x-served-by] => cache-dfw18638-DFW
                    [x-cache] => MISS
                    [x-cache-hits] => 0
                    [x-timer] => S1648135606.155539,VS0,VE1108
                    [vary] => Accept-Encoding
                    [server-timing] => content-encoding;desc="gzip",x-cdn;desc="fastly"
                )

        )

    [body] => VERIFIED
    [response] => Array
        (
            [code] => 200
            [message] => OK
        )

    [cookies] => Array
        (
            [0] => WP_Http_Cookie Object
                (
                    [name] => cwrClyrK4LoCV1fydGbAxiNL6iG
                    [value] => kMa9PvL9CawdNTZ-a-bcnkoO4EQKuxAjCWmGM2bHS1318U_x2M7mSpbWTgF4lyD-zpAYKeSYAzjI8kjB1EsVkEXQ3lZ9yv_2azqwzPJmQYYoZfeIeJPR2czyAUnjbBlADIMwH4j4ZSF4-FEDKm2O_H0maPqhq49MkkhCpsayzhJZiHbQ07N4aRkXZCYfP6LMvflXBLLTVPHtW8sfG5wS_DcBi2MhxiK0qbBIe-0Qni2K7izC0NjrUqaFElwUj5-Po5mvAylK0wBRUwjEM2BkQaNBZOSgP7MXEBY5aWeX_amrkT2hcIq8cbxoI80bxTUOgAAox4iGJ2Tc6_yOwVdpbxO-QPdGcGpqT_s5hnd_ilhAh3EO9yx7ph9FtapIGj6_0WnX_K33z0aNUX63ywqX1sT1f62JfUa8ailZG1mMlOemVoVvv5Z3t6BR9AK
                    [expires] => 
                    [path] => /
                    [domain] => paypal.com
                    [host_only] => 
                )

            [1] => WP_Http_Cookie Object
                (
                    [name] => cookie_check
                    [value] => yes
                    [expires] => 1963495606
                    [path] => /
                    [domain] => paypal.com
                    [host_only] => 
                )

            [2] => WP_Http_Cookie Object
                (
                    [name] => navcmd
                    [value] => _notify-validate
                    [expires] => 
                    [path] => /
                    [domain] => paypal.com
                    [host_only] => 
                )

            [3] => WP_Http_Cookie Object
                (
                    [name] => navlns
                    [value] => 0.0
                    [expires] => 1711207606
                    [path] => /
                    [domain] => paypal.com
                    [host_only] => 
                )

            [4] => WP_Http_Cookie Object
                (
                    [name] => l7_svc
                    [value] => appdispatcher
                    [expires] => 1648137407
                    [path] => /
                    [domain] => paypal.com
                    [host_only] => 
                )

            [5] => WP_Http_Cookie Object
                (
                    [name] => l7_az
                    [value] => dcg01.phx
                    [expires] => 1648137407
                    [path] => /
                    [domain] => paypal.com
                    [host_only] => 
                )

            [6] => WP_Http_Cookie Object
                (
                    [name] => ts
                    [value] => vreXpYrS=1742830006&vteXpYrS=1648137406&vr=bc898fab17f0a27130982d11ffd8bc7e&vt=bc898fab17f0a27130982d11ffd8bc7d&vtyp=new
                    [expires] => 1742743607
                    [path] => /
                    [domain] => paypal.com
                    [host_only] => 
                )

            [7] => WP_Http_Cookie Object
                (
                    [name] => ts_c
                    [value] => vr=bc898fab17f0a27130982d11ffd8bc7e&vt=bc898fab17f0a27130982d11ffd8bc7d
                    [expires] => 1742743607
                    [path] => /
                    [domain] => paypal.com
                    [host_only] => 
                )

        )

    [filename] => 
    [http_response] => WP_HTTP_Requests_Response Object
        (
            [response:protected] => Requests_Response Object
                (
                    [body] => VERIFIED
                    [raw] => HTTP/1.1 200 OK
Connection: close
Cache-Control: max-age=0, no-cache, no-store, must-revalidate
Content-Encoding: gzip
Content-Type: text/html; charset=UTF-8
Paypal-Debug-Id: f27926100b2b0
Set-Cookie: cwrClyrK4LoCV1fydGbAxiNL6iG=kMa9PvL9CawdNTZ-a-bcnkoO4EQKuxAjCWmGM2bHS1318U_x2M7mSpbWTgF4lyD-zpAYKeSYAzjI8kjB1EsVkEXQ3lZ9yv_2azqwzPJmQYYoZfeIeJPR2czyAUnjbBlADIMwH4j4ZSF4-FEDKm2O_H0maPqhq49MkkhCpsayzhJZiHbQ07N4aRkXZCYfP6LMvflXBLLTVPHtW8sfG5wS_DcBi2MhxiK0qbBIe-0Qni2K7izC0NjrUqaFElwUj5-Po5mvAylK0wBRUwjEM2BkQaNBZOSgP7MXEBY5aWeX_amrkT2hcIq8cbxoI80bxTUOgAAox4iGJ2Tc6_yOwVdpbxO-QPdGcGpqT_s5hnd_ilhAh3EO9yx7ph9FtapIGj6_0WnX_K33z0aNUX63ywqX1sT1f62JfUa8ailZG1mMlOemVoVvv5Z3t6BR9AK; domain=.paypal.com; path=/; Secure; HttpOnly
Set-Cookie: cookie_check=yes; expires=Sun, 21-Mar-2032 15:26:46 GMT; domain=.paypal.com; path=/; Secure; HttpOnly
Set-Cookie: navcmd=_notify-validate; domain=.paypal.com; path=/; Secure; HttpOnly
Set-Cookie: navlns=0.0; expires=Sat, 23-Mar-2024 15:26:46 GMT; domain=.paypal.com; path=/; Secure; HttpOnly
Set-Cookie: l7_svc=appdispatcher; Path=/; Domain=paypal.com; Expires=Thu, 24 Mar 2022 15:56:47 GMT; HttpOnly; Secure
Set-Cookie: l7_az=dcg01.phx; Path=/; Domain=paypal.com; Expires=Thu, 24 Mar 2022 15:56:47 GMT; HttpOnly; Secure
Set-Cookie: ts=vreXpYrS%3D1742830006%26vteXpYrS%3D1648137406%26vr%3Dbc898fab17f0a27130982d11ffd8bc7e%26vt%3Dbc898fab17f0a27130982d11ffd8bc7d%26vtyp%3Dnew; Path=/; Domain=paypal.com; Expires=Sun, 23 Mar 2025 15:26:47 GMT; HttpOnly; Secure
Set-Cookie: ts_c=vr%3Dbc898fab17f0a27130982d11ffd8bc7e%26vt%3Dbc898fab17f0a27130982d11ffd8bc7d; Path=/; Domain=paypal.com; Expires=Sun, 23 Mar 2025 15:26:47 GMT; Secure
X-Frame-Options: SAMEORIGIN
DC: ccg11-origin-www-1.paypal.com
Accept-Ranges: bytes
Date: Thu, 24 Mar 2022 15:26:47 GMT
Via: 1.1 varnish
Strict-Transport-Security: max-age=63072000; includeSubDomains; preload
X-Served-By: cache-dfw18638-DFW
X-Cache: MISS
X-Cache-Hits: 0
X-Timer: S1648135606.155539,VS0,VE1108
Vary: Accept-Encoding
Server-Timing: content-encoding;desc="gzip",x-cdn;desc="fastly"
transfer-encoding: chunked

VERIFIED
                    [headers] => Requests_Response_Headers Object
                        (
                            [data:protected] => Array
                                (
                                    [cache-control] => Array
                                        (
                                            [0] => max-age=0, no-cache, no-store, must-revalidate
                                        )

                                    [content-encoding] => Array
                                        (
                                            [0] => gzip
                                        )

                                    [content-type] => Array
                                        (
                                            [0] => text/html; charset=UTF-8
                                        )

                                    [paypal-debug-id] => Array
                                        (
                                            [0] => f27926100b2b0
                                        )

                                    [set-cookie] => Array
                                        (
                                            [0] => cwrClyrK4LoCV1fydGbAxiNL6iG=kMa9PvL9CawdNTZ-a-bcnkoO4EQKuxAjCWmGM2bHS1318U_x2M7mSpbWTgF4lyD-zpAYKeSYAzjI8kjB1EsVkEXQ3lZ9yv_2azqwzPJmQYYoZfeIeJPR2czyAUnjbBlADIMwH4j4ZSF4-FEDKm2O_H0maPqhq49MkkhCpsayzhJZiHbQ07N4aRkXZCYfP6LMvflXBLLTVPHtW8sfG5wS_DcBi2MhxiK0qbBIe-0Qni2K7izC0NjrUqaFElwUj5-Po5mvAylK0wBRUwjEM2BkQaNBZOSgP7MXEBY5aWeX_amrkT2hcIq8cbxoI80bxTUOgAAox4iGJ2Tc6_yOwVdpbxO-QPdGcGpqT_s5hnd_ilhAh3EO9yx7ph9FtapIGj6_0WnX_K33z0aNUX63ywqX1sT1f62JfUa8ailZG1mMlOemVoVvv5Z3t6BR9AK; domain=.paypal.com; path=/; Secure; HttpOnly
                                            [1] => cookie_check=yes; expires=Sun, 21-Mar-2032 15:26:46 GMT; domain=.paypal.com; path=/; Secure; HttpOnly
                                            [2] => navcmd=_notify-validate; domain=.paypal.com; path=/; Secure; HttpOnly
                                            [3] => navlns=0.0; expires=Sat, 23-Mar-2024 15:26:46 GMT; domain=.paypal.com; path=/; Secure; HttpOnly
                                            [4] => l7_svc=appdispatcher; Path=/; Domain=paypal.com; Expires=Thu, 24 Mar 2022 15:56:47 GMT; HttpOnly; Secure
                                            [5] => l7_az=dcg01.phx; Path=/; Domain=paypal.com; Expires=Thu, 24 Mar 2022 15:56:47 GMT; HttpOnly; Secure
                                            [6] => ts=vreXpYrS%3D1742830006%26vteXpYrS%3D1648137406%26vr%3Dbc898fab17f0a27130982d11ffd8bc7e%26vt%3Dbc898fab17f0a27130982d11ffd8bc7d%26vtyp%3Dnew; Path=/; Domain=paypal.com; Expires=Sun, 23 Mar 2025 15:26:47 GMT; HttpOnly; Secure
                                            [7] => ts_c=vr%3Dbc898fab17f0a27130982d11ffd8bc7e%26vt%3Dbc898fab17f0a27130982d11ffd8bc7d; Path=/; Domain=paypal.com; Expires=Sun, 23 Mar 2025 15:26:47 GMT; Secure
                                        )

                                    [x-frame-options] => Array
                                        (
                                            [0] => SAMEORIGIN
                                        )

                                    [dc] => Array
                                        (
                                            [0] => ccg11-origin-www-1.paypal.com
                                        )

                                    [accept-ranges] => Array
                                        (
                                            [0] => bytes
                                        )

                                    [date] => Array
                                        (
                                            [0] => Thu, 24 Mar 2022 15:26:47 GMT
                                        )

                                    [via] => Array
                                        (
                                            [0] => 1.1 varnish
                                        )

                                    [strict-transport-security] => Array
                                        (
                                            [0] => max-age=63072000; includeSubDomains; preload
                                        )

                                    [x-served-by] => Array
                                        (
                                            [0] => cache-dfw18638-DFW
                                        )

                                    [x-cache] => Array
                                        (
                                            [0] => MISS
                                        )

                                    [x-cache-hits] => Array
                                        (
                                            [0] => 0
                                        )

                                    [x-timer] => Array
                                        (
                                            [0] => S1648135606.155539,VS0,VE1108
                                        )

                                    [vary] => Array
                                        (
                                            [0] => Accept-Encoding
                                        )

                                    [server-timing] => Array
                                        (
                                            [0] => content-encoding;desc="gzip",x-cdn;desc="fastly"
                                        )

                                )

                        )

                    [status_code] => 200
                    [protocol_version] => 1.1
                    [success] => 1
                    [redirects] => 0
                    [url] => https://www.paypal.com/cgi-bin/webscr
                    [history] => Array
                        (
                        )

                    [cookies] => Requests_Cookie_Jar Object
                        (
                            [cookies:protected] => Array
                                (
                                    [cwrClyrK4LoCV1fydGbAxiNL6iG] => Requests_Cookie Object
                                        (
                                            [name] => cwrClyrK4LoCV1fydGbAxiNL6iG
                                            [value] => kMa9PvL9CawdNTZ-a-bcnkoO4EQKuxAjCWmGM2bHS1318U_x2M7mSpbWTgF4lyD-zpAYKeSYAzjI8kjB1EsVkEXQ3lZ9yv_2azqwzPJmQYYoZfeIeJPR2czyAUnjbBlADIMwH4j4ZSF4-FEDKm2O_H0maPqhq49MkkhCpsayzhJZiHbQ07N4aRkXZCYfP6LMvflXBLLTVPHtW8sfG5wS_DcBi2MhxiK0qbBIe-0Qni2K7izC0NjrUqaFElwUj5-Po5mvAylK0wBRUwjEM2BkQaNBZOSgP7MXEBY5aWeX_amrkT2hcIq8cbxoI80bxTUOgAAox4iGJ2Tc6_yOwVdpbxO-QPdGcGpqT_s5hnd_ilhAh3EO9yx7ph9FtapIGj6_0WnX_K33z0aNUX63ywqX1sT1f62JfUa8ailZG1mMlOemVoVvv5Z3t6BR9AK
                                            [attributes] => Requests_Utility_CaseInsensitiveDictionary Object
                                                (
                                                    [data:protected] => Array
                                                        (
                                                            [domain] => paypal.com
                                                            [path] => /
                                                            [secure] => 1
                                                            [httponly] => 1
                                                        )

                                                )

                                            [flags] => Array
                                                (
                                                    [creation] => 1648135607
                                                    [last-access] => 1648135607
                                                    [persistent] => 
                                                    [host-only] => 
                                                )

                                            [reference_time] => 1648135607
                                        )

                                    [cookie_check] => Requests_Cookie Object
                                        (
                                            [name] => cookie_check
                                            [value] => yes
                                            [attributes] => Requests_Utility_CaseInsensitiveDictionary Object
                                                (
                                                    [data:protected] => Array
                                                        (
                                                            [expires] => 1963495606
                                                            [domain] => paypal.com
                                                            [path] => /
                                                            [secure] => 1
                                                            [httponly] => 1
                                                        )

                                                )

                                            [flags] => Array
                                                (
                                                    [creation] => 1648135607
                                                    [last-access] => 1648135607
                                                    [persistent] => 
                                                    [host-only] => 
                                                )

                                            [reference_time] => 1648135607
                                        )

                                    [navcmd] => Requests_Cookie Object
                                        (
                                            [name] => navcmd
                                            [value] => _notify-validate
                                            [attributes] => Requests_Utility_CaseInsensitiveDictionary Object
                                                (
                                                    [data:protected] => Array
                                                        (
                                                            [domain] => paypal.com
                                                            [path] => /
                                                            [secure] => 1
                                                            [httponly] => 1
                                                        )

                                                )

                                            [flags] => Array
                                                (
                                                    [creation] => 1648135607
                                                    [last-access] => 1648135607
                                                    [persistent] => 
                                                    [host-only] => 
                                                )

                                            [reference_time] => 1648135607
                                        )

                                    [navlns] => Requests_Cookie Object
                                        (
                                            [name] => navlns
                                            [value] => 0.0
                                            [attributes] => Requests_Utility_CaseInsensitiveDictionary Object
                                                (
                                                    [data:protected] => Array
                                                        (
                                                            [expires] => 1711207606
                                                            [domain] => paypal.com
                                                            [path] => /
                                                            [secure] => 1
                                                            [httponly] => 1
                                                        )

                                                )

                                            [flags] => Array
                                                (
                                                    [creation] => 1648135607
                                                    [last-access] => 1648135607
                                                    [persistent] => 
                                                    [host-only] => 
                                                )

                                            [reference_time] => 1648135607
                                        )

                                    [l7_svc] => Requests_Cookie Object
                                        (
                                            [name] => l7_svc
                                            [value] => appdispatcher
                                            [attributes] => Requests_Utility_CaseInsensitiveDictionary Object
                                                (
                                                    [data:protected] => Array
                                                        (
                                                            [path] => /
                                                            [domain] => paypal.com
                                                            [expires] => 1648137407
                                                            [httponly] => 1
                                                            [secure] => 1
                                                        )

                                                )

                                            [flags] => Array
                                                (
                                                    [creation] => 1648135607
                                                    [last-access] => 1648135607
                                                    [persistent] => 
                                                    [host-only] => 
                                                )

                                            [reference_time] => 1648135607
                                        )

                                    [l7_az] => Requests_Cookie Object
                                        (
                                            [name] => l7_az
                                            [value] => dcg01.phx
                                            [attributes] => Requests_Utility_CaseInsensitiveDictionary Object
                                                (
                                                    [data:protected] => Array
                                                        (
                                                            [path] => /
                                                            [domain] => paypal.com
                                                            [expires] => 1648137407
                                                            [httponly] => 1
                                                            [secure] => 1
                                                        )

                                                )

                                            [flags] => Array
                                                (
                                                    [creation] => 1648135607
                                                    [last-access] => 1648135607
                                                    [persistent] => 
                                                    [host-only] => 
                                                )

                                            [reference_time] => 1648135607
                                        )

                                    [ts] => Requests_Cookie Object
                                        (
                                            [name] => ts
                                            [value] => vreXpYrS%3D1742830006%26vteXpYrS%3D1648137406%26vr%3Dbc898fab17f0a27130982d11ffd8bc7e%26vt%3Dbc898fab17f0a27130982d11ffd8bc7d%26vtyp%3Dnew
                                            [attributes] => Requests_Utility_CaseInsensitiveDictionary Object
                                                (
                                                    [data:protected] => Array
                                                        (
                                                            [path] => /
                                                            [domain] => paypal.com
                                                            [expires] => 1742743607
                                                            [httponly] => 1
                                                            [secure] => 1
                                                        )

                                                )

                                            [flags] => Array
                                                (
                                                    [creation] => 1648135607
                                                    [last-access] => 1648135607
                                                    [persistent] => 
                                                    [host-only] => 
                                                )

                                            [reference_time] => 1648135607
                                        )

                                    [ts_c] => Requests_Cookie Object
                                        (
                                            [name] => ts_c
                                            [value] => vr%3Dbc898fab17f0a27130982d11ffd8bc7e%26vt%3Dbc898fab17f0a27130982d11ffd8bc7d
                                            [attributes] => Requests_Utility_CaseInsensitiveDictionary Object
                                                (
                                                    [data:protected] => Array
                                                        (
                                                            [path] => /
                                                            [domain] => paypal.com
                                                            [expires] => 1742743607
                                                            [secure] => 1
                                                        )

                                                )

                                            [flags] => Array
                                                (
                                                    [creation] => 1648135607
                                                    [last-access] => 1648135607
                                                    [persistent] => 
                                                    [host-only] => 
                                                )

                                            [reference_time] => 1648135607
                                        )

                                )

                        )

                )

            [filename:protected] => 
            [data] => 
            [headers] => 
            [status] => 
        )

)

2022-03-24T15:26:47+00:00 INFO Received valid response from PayPal IPN
2022-03-24T15:26:47+00:00 ERROR Order Keys do not match.
2022-03-24T15:26:47+00:00 ERROR Order Keys do not match.
