2022-03-11T09:07:33+00:00 INFO Generating payment form for order 57037. Notify URL: https://develop.chess-teacher.com/wc-api/WC_Gateway_Paypal/
2022-03-11T09:07:33+00:00 INFO PayPal Request Args for order 57037: Array
(
    [cmd] => _cart
    [business] => paypal4chess@gmail.com
    [no_note] => 1
    [currency_code] => USD
    [charset] => utf-8
    [rm] => 2
    [upload] => 1
    [return] => https://develop.chess-teacher.com/checkout/order-received/57037/?key=wc_order_PwvmsozWL45D2&utm_nooverride=1
    [cancel_return] => https://develop.chess-teacher.com/cart/?cancel_order=true&order=wc_order_PwvmsozWL45D2&order_id=57037&redirect&_wpnonce=1d134e2cd4
    [image_url] => 
    [paymentaction] => sale
    [invoice] => WC-57037
    [custom] => {"order_id":57037,"order_key":"wc_order_PwvmsozWL45D2"}
    [notify_url] => https://develop.chess-teacher.com/wc-api/WC_Gateway_Paypal/
    [first_name] => ***
    [last_name] => ***
    [address1] => ***
    [address2] => ***
    [city] => ***
    [state] => ***
    [zip] => ***
    [country] => ***
    [email] => ***@***
    [night_phone_a] => ***
    [night_phone_b] => ***
    [no_shipping] => 1
    [tax_cart] => 0.00
    [item_name_1] => GM Igor Smirnov's Super Pack
    [quantity_1] => 1
    [amount_1] => 997
    [item_number_1] => 
    [bn] => WooThemes_Cart
)

2022-03-11T09:09:50+00:00 INFO Generating payment form for order 57081. Notify URL: https://develop.chess-teacher.com/wc-api/WC_Gateway_Paypal/
2022-03-11T09:09:50+00:00 INFO PayPal Request Args for order 57081: Array
(
    [cmd] => _cart
    [business] => paypal4chess@gmail.com
    [no_note] => 1
    [currency_code] => USD
    [charset] => utf-8
    [rm] => 2
    [upload] => 1
    [return] => https://develop.chess-teacher.com/checkout/order-received/57081/?key=wc_order_rtMjXkCl2FL0D&utm_nooverride=1
    [cancel_return] => https://develop.chess-teacher.com/cart/?cancel_order=true&order=wc_order_rtMjXkCl2FL0D&order_id=57081&redirect&_wpnonce=1d134e2cd4
    [image_url] => 
    [paymentaction] => sale
    [invoice] => WC-57081
    [custom] => {"order_id":57081,"order_key":"wc_order_rtMjXkCl2FL0D"}
    [notify_url] => https://develop.chess-teacher.com/wc-api/WC_Gateway_Paypal/
    [first_name] => ***
    [last_name] => ***
    [address1] => ***
    [address2] => ***
    [city] => ***
    [state] => ***
    [zip] => ***
    [country] => ***
    [email] => ***@***
    [night_phone_a] => ***
    [night_phone_b] => ***
    [no_shipping] => 1
    [tax_cart] => 0.00
    [item_name_1] => RCA Beginners Package
    [quantity_1] => 1
    [amount_1] => 199
    [item_number_1] => 
    [bn] => WooThemes_Cart
)

